<?xml version="1.0" encoding="UTF-8"?>
<testng-results skipped="2" failed="0" ignored="6" total="15" passed="7">
  <reporter-output>
  </reporter-output>
  <suite name="TestSuite" duration-ms="230" started-at="2018-08-01T13:56:00Z" finished-at="2018-08-01T13:56:00Z">
    <groups>
      <group name="T4">
        <method signature="Testcase1Test.method4()[pri:4, instance:testcases.Testcase1Test@31dc339b]" name="method4" class="testcases.Testcase1Test"/>
      </group> <!-- T4 -->
      <group name="T5">
        <method signature="Testcase1Test.method5()[pri:5, instance:testcases.Testcase1Test@31dc339b]" name="method5" class="testcases.Testcase1Test"/>
      </group> <!-- T5 -->
      <group name="T1">
        <method signature="Testcase1Test.method1()[pri:1, instance:testcases.Testcase1Test@1ce92674]" name="method1" class="testcases.Testcase1Test"/>
        <method signature="Testcase1Test.method1()[pri:1, instance:testcases.Testcase1Test@31dc339b]" name="method1" class="testcases.Testcase1Test"/>
      </group> <!-- T1 -->
      <group name="T2">
        <method signature="Testcase1Test.method2()[pri:2, instance:testcases.Testcase1Test@1ce92674]" name="method2" class="testcases.Testcase1Test"/>
        <method signature="Testcase1Test.method2()[pri:2, instance:testcases.Testcase1Test@6e1ec318]" name="method2" class="testcases.Testcase1Test"/>
      </group> <!-- T2 -->
      <group name="T3">
        <method signature="Testcase1Test.method3()[pri:3, instance:testcases.Testcase1Test@1ce92674]" name="method3" class="testcases.Testcase1Test"/>
        <method signature="Testcase1Test.method3()[pri:3, instance:testcases.Testcase1Test@6e1ec318]" name="method3" class="testcases.Testcase1Test"/>
        <method signature="Testcase1Test.method3()[pri:3, instance:testcases.Testcase1Test@31dc339b]" name="method3" class="testcases.Testcase1Test"/>
      </group> <!-- T3 -->
    </groups>
    <test name="Testsuite 1" duration-ms="92" started-at="2018-08-01T13:56:00Z" finished-at="2018-08-01T13:56:00Z">
      <class name="testcases.Testcase1Test">
        <test-method status="PASS" signature="method1()[pri:1, instance:testcases.Testcase1Test@1ce92674]" name="method1" duration-ms="22" started-at="2018-08-01T13:56:00Z" finished-at="2018-08-01T13:56:00Z">
          <reporter-output>
          </reporter-output>
        </test-method> <!-- method1 -->
        <test-method status="PASS" signature="method2()[pri:2, instance:testcases.Testcase1Test@1ce92674]" name="method2" duration-ms="2" started-at="2018-08-01T13:56:00Z" finished-at="2018-08-01T13:56:00Z">
          <reporter-output>
          </reporter-output>
        </test-method> <!-- method2 -->
        <test-method status="PASS" signature="method3()[pri:3, instance:testcases.Testcase1Test@1ce92674]" name="method3" duration-ms="3" started-at="2018-08-01T13:56:00Z" finished-at="2018-08-01T13:56:00Z">
          <reporter-output>
          </reporter-output>
        </test-method> <!-- method3 -->
      </class> <!-- testcases.Testcase1Test -->
    </test> <!-- Testsuite 1 -->
    <test name="Testsuite 2" duration-ms="8" started-at="2018-08-01T13:56:00Z" finished-at="2018-08-01T13:56:00Z">
      <class name="testcases.Testcase1Test">
        <test-method status="PASS" signature="method2()[pri:2, instance:testcases.Testcase1Test@6e1ec318]" name="method2" duration-ms="1" started-at="2018-08-01T13:56:00Z" finished-at="2018-08-01T13:56:00Z">
          <reporter-output>
          </reporter-output>
        </test-method> <!-- method2 -->
        <test-method status="PASS" signature="method3()[pri:3, instance:testcases.Testcase1Test@6e1ec318]" name="method3" duration-ms="1" started-at="2018-08-01T13:56:00Z" finished-at="2018-08-01T13:56:00Z">
          <reporter-output>
          </reporter-output>
        </test-method> <!-- method3 -->
      </class> <!-- testcases.Testcase1Test -->
    </test> <!-- Testsuite 2 -->
    <test name="Testsuite 3" duration-ms="21" started-at="2018-08-01T13:56:00Z" finished-at="2018-08-01T13:56:00Z">
      <class name="testcases.Testcase1Test">
        <test-method status="PASS" signature="method1()[pri:1, instance:testcases.Testcase1Test@31dc339b]" name="method1" duration-ms="2" started-at="2018-08-01T13:56:00Z" finished-at="2018-08-01T13:56:00Z">
          <reporter-output>
          </reporter-output>
        </test-method> <!-- method1 -->
        <test-method status="PASS" signature="method3()[pri:3, instance:testcases.Testcase1Test@31dc339b]" name="method3" duration-ms="2" started-at="2018-08-01T13:56:00Z" finished-at="2018-08-01T13:56:00Z">
          <reporter-output>
          </reporter-output>
        </test-method> <!-- method3 -->
        <test-method status="SKIP" signature="method4()[pri:4, instance:testcases.Testcase1Test@31dc339b]" name="method4" duration-ms="1" started-at="2018-08-01T13:56:00Z" finished-at="2018-08-01T13:56:00Z">
          <exception class="org.testng.SkipException">
            <message>
              <![CDATA[I am skipped as T Equal to Test]]>
            </message>
            <full-stacktrace>
              <![CDATA[org.testng.SkipException: I am skipped as T Equal to Test
at testcases.Testcase1Test.method4(Testcase1Test.java:33)
at sun.reflect.NativeMethodAccessorImpl.invoke0(Native Method)
at sun.reflect.NativeMethodAccessorImpl.invoke(NativeMethodAccessorImpl.java:62)
at sun.reflect.DelegatingMethodAccessorImpl.invoke(DelegatingMethodAccessorImpl.java:43)
at java.lang.reflect.Method.invoke(Method.java:498)
at org.testng.internal.MethodInvocationHelper.invokeMethod(MethodInvocationHelper.java:124)
at org.testng.internal.Invoker.invokeMethod(Invoker.java:580)
at org.testng.internal.Invoker.invokeTestMethod(Invoker.java:716)
at org.testng.internal.Invoker.invokeTestMethods(Invoker.java:988)
at org.testng.internal.TestMethodWorker.invokeTestMethods(TestMethodWorker.java:125)
at org.testng.internal.TestMethodWorker.run(TestMethodWorker.java:109)
at org.testng.TestRunner.privateRun(TestRunner.java:648)
at org.testng.TestRunner.run(TestRunner.java:505)
at org.testng.SuiteRunner.runTest(SuiteRunner.java:455)
at org.testng.SuiteRunner.runSequentially(SuiteRunner.java:450)
at org.testng.SuiteRunner.privateRun(SuiteRunner.java:415)
at org.testng.SuiteRunner.run(SuiteRunner.java:364)
at org.testng.SuiteRunnerWorker.runSuite(SuiteRunnerWorker.java:52)
at org.testng.SuiteRunnerWorker.run(SuiteRunnerWorker.java:84)
at org.testng.TestNG.runSuitesSequentially(TestNG.java:1208)
at org.testng.TestNG.runSuitesLocally(TestNG.java:1137)
at org.testng.TestNG.runSuites(TestNG.java:1049)
at org.testng.TestNG.run(TestNG.java:1017)
at org.testng.remote.AbstractRemoteTestNG.run(AbstractRemoteTestNG.java:114)
at org.testng.remote.RemoteTestNG.initAndRun(RemoteTestNG.java:251)
at org.testng.remote.RemoteTestNG.main(RemoteTestNG.java:77)
]]>
            </full-stacktrace>
          </exception> <!-- org.testng.SkipException -->
          <reporter-output>
          </reporter-output>
        </test-method> <!-- method4 -->
        <test-method status="SKIP" signature="method5()[pri:5, instance:testcases.Testcase1Test@31dc339b]" name="method5" duration-ms="0" started-at="2018-08-01T13:56:00Z" depends-on-methods="testcases.Testcase1Test.method4" finished-at="2018-08-01T13:56:00Z">
          <exception class="java.lang.Throwable">
            <message>
              <![CDATA[Method Testcase1Test.method5()[pri:5, instance:testcases.Testcase1Test@31dc339b] depends on not successfully finished methods]]>
            </message>
            <full-stacktrace>
              <![CDATA[java.lang.Throwable: Method Testcase1Test.method5()[pri:5, instance:testcases.Testcase1Test@31dc339b] depends on not successfully finished methods
at org.testng.internal.Invoker.invokeTestMethods(Invoker.java:887)
at org.testng.internal.TestMethodWorker.invokeTestMethods(TestMethodWorker.java:125)
at org.testng.internal.TestMethodWorker.run(TestMethodWorker.java:109)
at org.testng.TestRunner.privateRun(TestRunner.java:648)
at org.testng.TestRunner.run(TestRunner.java:505)
at org.testng.SuiteRunner.runTest(SuiteRunner.java:455)
at org.testng.SuiteRunner.runSequentially(SuiteRunner.java:450)
at org.testng.SuiteRunner.privateRun(SuiteRunner.java:415)
at org.testng.SuiteRunner.run(SuiteRunner.java:364)
at org.testng.SuiteRunnerWorker.runSuite(SuiteRunnerWorker.java:52)
at org.testng.SuiteRunnerWorker.run(SuiteRunnerWorker.java:84)
at org.testng.TestNG.runSuitesSequentially(TestNG.java:1208)
at org.testng.TestNG.runSuitesLocally(TestNG.java:1137)
at org.testng.TestNG.runSuites(TestNG.java:1049)
at org.testng.TestNG.run(TestNG.java:1017)
at org.testng.remote.AbstractRemoteTestNG.run(AbstractRemoteTestNG.java:114)
at org.testng.remote.RemoteTestNG.initAndRun(RemoteTestNG.java:251)
at org.testng.remote.RemoteTestNG.main(RemoteTestNG.java:77)
]]>
            </full-stacktrace>
          </exception> <!-- java.lang.Throwable -->
          <reporter-output>
          </reporter-output>
        </test-method> <!-- method5 -->
      </class> <!-- testcases.Testcase1Test -->
    </test> <!-- Testsuite 3 -->
  </suite> <!-- TestSuite -->
</testng-results>
