<?xml version="1.0" encoding="UTF-8"?>
<testng-results skipped="0" failed="0" ignored="0" total="1" passed="1">
  <reporter-output>
  </reporter-output>
  <suite name="Default suite" duration-ms="50" started-at="2018-07-31T12:43:20Z" finished-at="2018-07-31T12:43:20Z">
    <groups>
    </groups>
    <test name="Default test" duration-ms="50" started-at="2018-07-31T12:43:20Z" finished-at="2018-07-31T12:43:20Z">
      <class name="testcases.Testcase1Test">
        <test-method status="PASS" signature="method1()[pri:0, instance:testcases.Testcase1Test@589838eb]" name="method1" duration-ms="12" started-at="2018-07-31T12:43:20Z" finished-at="2018-07-31T12:43:20Z">
          <reporter-output>
          </reporter-output>
        </test-method> <!-- method1 -->
      </class> <!-- testcases.Testcase1Test -->
    </test> <!-- Default test -->
  </suite> <!-- Default suite -->
</testng-results>
