<?xml version="1.0" encoding="UTF-8"?>
<!-- Generated by org.testng.reporters.JUnitXMLReporter -->
<testsuite hostname="Apples-MBP.gateway" ignored="3" name="Testsuite 2" tests="2" failures="0" timestamp="01 Aug 2018 13:56:00 GMT" time="0.008" errors="0">
  <testcase name="method2" time="0.001" classname="testcases.Testcase1Test"/>
  <testcase name="method3" time="0.001" classname="testcases.Testcase1Test"/>
  <testcase name="method4" time="0.0" classname="testcases.Testcase1Test">
    <ignored/>
  </testcase> <!-- method4 -->
  <testcase name="method1" time="0.0" classname="testcases.Testcase1Test">
    <ignored/>
  </testcase> <!-- method1 -->
  <testcase name="method5" time="0.0" classname="testcases.Testcase1Test">
    <ignored/>
  </testcase> <!-- method5 -->
</testsuite> <!-- Testsuite 2 -->
