<?xml version="1.0" encoding="UTF-8"?>
<!-- Generated by org.testng.reporters.JUnitXMLReporter -->
<testsuite hostname="Apples-MBP.gateway" ignored="0" name="Test" tests="3" failures="0" timestamp="01 Aug 2018 13:27:14 GMT" time="0.068" errors="0">
  <testcase name="method1" time="0.014" classname="testcases.Testcase1Test"/>
  <testcase name="method2" time="0.003" classname="testcases.Testcase1Test"/>
  <testcase name="method3" time="0.003" classname="testcases.Testcase1Test"/>
</testsuite> <!-- Test -->
